<?xml version="1.0" encoding="UTF-8"?>
<robot generator="Robot 4.1 (Python 3.9.6 on win32)" generated="20211018 07:33:31.517" rpa="true" schemaversion="2">
<suite id="s1" name="TesteCase" source="c:\robot\bftft\tricentisapp\TesteCase.robot">
<test id="s1-t1" name="Enter Vehicle Data">
<kw name="Fill Vehicle Data" library="EnterVehicleData">
<kw name="Open Browser Page" library="settings">
<kw name="Open Browser" library="SeleniumLibrary">
<arg>${SiteUrl}</arg>
<arg>${Browser}</arg>
<doc>Opens a new browser instance to the optional ``url``.</doc>
<msg timestamp="20211018 07:33:31.829" level="INFO">Opening browser 'Chrome' to base url 'http://sampleapp.tricentis.com/101/app.php'.</msg>
<status status="PASS" starttime="20211018 07:33:31.829" endtime="20211018 07:33:35.739"/>
</kw>
<kw name="Maximize Browser Window" library="SeleniumLibrary">
<doc>Maximizes current browser window.</doc>
<status status="PASS" starttime="20211018 07:33:35.740" endtime="20211018 07:33:35.860"/>
</kw>
<status status="PASS" starttime="20211018 07:33:31.828" endtime="20211018 07:33:35.861"/>
</kw>
<kw name="Select By Value" library="settings">
<arg>${make}</arg>
<arg>${valueMake}</arg>
<kw name="Page Should Contain Element" library="SeleniumLibrary">
<arg>${locator}</arg>
<arg>${value}</arg>
<doc>Verifies that element ``locator`` is found on the current page.</doc>
<msg timestamp="20211018 07:33:35.876" level="INFO">Current page contains element 'xpath://select[@id='make']'.</msg>
<status status="PASS" starttime="20211018 07:33:35.862" endtime="20211018 07:33:35.876"/>
</kw>
<kw name="Select From List By Value" library="SeleniumLibrary">
<arg>${locator}</arg>
<arg>${value}</arg>
<doc>Selects options from selection list ``locator`` by ``values``.</doc>
<msg timestamp="20211018 07:33:35.877" level="INFO">Selecting options from selection list 'xpath://select[@id='make']' by value Audi.</msg>
<status status="PASS" starttime="20211018 07:33:35.876" endtime="20211018 07:33:35.945"/>
</kw>
<kw name="List Selection Should Be" library="SeleniumLibrary">
<arg>${locator}</arg>
<arg>${value}</arg>
<doc>Verifies selection list ``locator`` has ``expected`` options selected.</doc>
<msg timestamp="20211018 07:33:35.946" level="INFO">Verifying list 'xpath://select[@id='make']' has option [ Audi ] selected.</msg>
<msg timestamp="20211018 07:33:35.960" level="INFO">Current page contains list 'xpath://select[@id='make']'.</msg>
<status status="PASS" starttime="20211018 07:33:35.946" endtime="20211018 07:33:36.159"/>
</kw>
<status status="PASS" starttime="20211018 07:33:35.861" endtime="20211018 07:33:36.160"/>
</kw>
<kw name="Select By Value" library="settings">
<arg>${model}</arg>
<arg>${valueModel}</arg>
<kw name="Page Should Contain Element" library="SeleniumLibrary">
<arg>${locator}</arg>
<arg>${value}</arg>
<doc>Verifies that element ``locator`` is found on the current page.</doc>
<msg timestamp="20211018 07:33:36.175" level="INFO">Current page contains element 'xpath://select[@id='model']'.</msg>
<status status="PASS" starttime="20211018 07:33:36.161" endtime="20211018 07:33:36.175"/>
</kw>
<kw name="Select From List By Value" library="SeleniumLibrary">
<arg>${locator}</arg>
<arg>${value}</arg>
<doc>Selects options from selection list ``locator`` by ``values``.</doc>
<msg timestamp="20211018 07:33:36.176" level="INFO">Selecting options from selection list 'xpath://select[@id='model']' by value Scooter.</msg>
<status status="PASS" starttime="20211018 07:33:36.175" endtime="20211018 07:33:36.246"/>
</kw>
<kw name="List Selection Should Be" library="SeleniumLibrary">
<arg>${locator}</arg>
<arg>${value}</arg>
<doc>Verifies selection list ``locator`` has ``expected`` options selected.</doc>
<msg timestamp="20211018 07:33:36.247" level="INFO">Verifying list 'xpath://select[@id='model']' has option [ Scooter ] selected.</msg>
<msg timestamp="20211018 07:33:36.258" level="INFO">Current page contains list 'xpath://select[@id='model']'.</msg>
<status status="PASS" starttime="20211018 07:33:36.246" endtime="20211018 07:33:36.353"/>
</kw>
<status status="PASS" starttime="20211018 07:33:36.160" endtime="20211018 07:33:36.353"/>
</kw>
<kw name="Input Text" library="SeleniumLibrary">
<arg>${cylinderCapacity}</arg>
<arg>${valueCylinderCapacity}</arg>
<doc>Types the given ``text`` into the text field identified by ``locator``.</doc>
<msg timestamp="20211018 07:33:36.354" level="INFO">Typing text '1000' into text field 'xpath://input[@id='cylindercapacity']'.</msg>
<status status="PASS" starttime="20211018 07:33:36.353" endtime="20211018 07:33:36.466"/>
</kw>
<kw name="Input Text" library="SeleniumLibrary">
<arg>${enginePerformance}</arg>
<arg>${valueEnginePerformance}</arg>
<doc>Types the given ``text`` into the text field identified by ``locator``.</doc>
<msg timestamp="20211018 07:33:36.467" level="INFO">Typing text '1000' into text field 'xpath://input[@id='engineperformance']'.</msg>
<status status="PASS" starttime="20211018 07:33:36.466" endtime="20211018 07:33:36.583"/>
</kw>
<kw name="Input Text" library="SeleniumLibrary">
<arg>${dateOfManufacture}</arg>
<arg>${valueDateOfManufacture}</arg>
<doc>Types the given ``text`` into the text field identified by ``locator``.</doc>
<msg timestamp="20211018 07:33:36.583" level="INFO">Typing text '12/31/2019' into text field 'xpath://input[@id='dateofmanufacture']'.</msg>
<status status="PASS" starttime="20211018 07:33:36.583" endtime="20211018 07:33:36.745"/>
</kw>
<kw name="Select By Value" library="settings">
<arg>${numberOfSeats}</arg>
<arg>${valueNumberOfSeats}</arg>
<kw name="Page Should Contain Element" library="SeleniumLibrary">
<arg>${locator}</arg>
<arg>${value}</arg>
<doc>Verifies that element ``locator`` is found on the current page.</doc>
<msg timestamp="20211018 07:33:36.758" level="INFO">Current page contains element 'xpath://select[@id='numberofseats']'.</msg>
<status status="PASS" starttime="20211018 07:33:36.746" endtime="20211018 07:33:36.758"/>
</kw>
<kw name="Select From List By Value" library="SeleniumLibrary">
<arg>${locator}</arg>
<arg>${value}</arg>
<doc>Selects options from selection list ``locator`` by ``values``.</doc>
<msg timestamp="20211018 07:33:36.759" level="INFO">Selecting options from selection list 'xpath://select[@id='numberofseats']' by value 2.</msg>
<status status="PASS" starttime="20211018 07:33:36.758" endtime="20211018 07:33:36.831"/>
</kw>
<kw name="List Selection Should Be" library="SeleniumLibrary">
<arg>${locator}</arg>
<arg>${value}</arg>
<doc>Verifies selection list ``locator`` has ``expected`` options selected.</doc>
<msg timestamp="20211018 07:33:36.831" level="INFO">Verifying list 'xpath://select[@id='numberofseats']' has option [ 2 ] selected.</msg>
<msg timestamp="20211018 07:33:36.843" level="INFO">Current page contains list 'xpath://select[@id='numberofseats']'.</msg>
<status status="PASS" starttime="20211018 07:33:36.831" endtime="20211018 07:33:36.974"/>
</kw>
<status status="PASS" starttime="20211018 07:33:36.745" endtime="20211018 07:33:36.974"/>
</kw>
<kw name="Click Element" library="SeleniumLibrary">
<arg>${rightHandDriveNo}</arg>
<doc>Click the element identified by ``locator``.</doc>
<msg timestamp="20211018 07:33:36.975" level="INFO">Clicking element '//div[7]/p/label[2]/span'.</msg>
<status status="PASS" starttime="20211018 07:33:36.974" endtime="20211018 07:33:37.027"/>
</kw>
<kw name="Select By Value" library="settings">
<arg>${numberOfSeatsMotorcycle}</arg>
<arg>${valueNumberOfSeats}</arg>
<kw name="Page Should Contain Element" library="SeleniumLibrary">
<arg>${locator}</arg>
<arg>${value}</arg>
<doc>Verifies that element ``locator`` is found on the current page.</doc>
<msg timestamp="20211018 07:33:37.041" level="INFO">Current page contains element 'xpath://select[@id='numberofseatsmotorcycle']'.</msg>
<status status="PASS" starttime="20211018 07:33:37.028" endtime="20211018 07:33:37.041"/>
</kw>
<kw name="Select From List By Value" library="SeleniumLibrary">
<arg>${locator}</arg>
<arg>${value}</arg>
<doc>Selects options from selection list ``locator`` by ``values``.</doc>
<msg timestamp="20211018 07:33:37.042" level="INFO">Selecting options from selection list 'xpath://select[@id='numberofseatsmotorcycle']' by value 2.</msg>
<status status="PASS" starttime="20211018 07:33:37.042" endtime="20211018 07:33:37.121"/>
</kw>
<kw name="List Selection Should Be" library="SeleniumLibrary">
<arg>${locator}</arg>
<arg>${value}</arg>
<doc>Verifies selection list ``locator`` has ``expected`` options selected.</doc>
<msg timestamp="20211018 07:33:37.121" level="INFO">Verifying list 'xpath://select[@id='numberofseatsmotorcycle']' has option [ 2 ] selected.</msg>
<msg timestamp="20211018 07:33:37.135" level="INFO">Current page contains list 'xpath://select[@id='numberofseatsmotorcycle']'.</msg>
<status status="PASS" starttime="20211018 07:33:37.121" endtime="20211018 07:33:37.224"/>
</kw>
<status status="PASS" starttime="20211018 07:33:37.027" endtime="20211018 07:33:37.224"/>
</kw>
<kw name="Select By Value" library="settings">
<arg>${fuelType}</arg>
<arg>${valueFuelType}</arg>
<kw name="Page Should Contain Element" library="SeleniumLibrary">
<arg>${locator}</arg>
<arg>${value}</arg>
<doc>Verifies that element ``locator`` is found on the current page.</doc>
<msg timestamp="20211018 07:33:37.237" level="INFO">Current page contains element 'xpath://select[@id='fuel']'.</msg>
<status status="PASS" starttime="20211018 07:33:37.224" endtime="20211018 07:33:37.237"/>
</kw>
<kw name="Select From List By Value" library="SeleniumLibrary">
<arg>${locator}</arg>
<arg>${value}</arg>
<doc>Selects options from selection list ``locator`` by ``values``.</doc>
<msg timestamp="20211018 07:33:37.237" level="INFO">Selecting options from selection list 'xpath://select[@id='fuel']' by value Gas.</msg>
<status status="PASS" starttime="20211018 07:33:37.237" endtime="20211018 07:33:37.313"/>
</kw>
<kw name="List Selection Should Be" library="SeleniumLibrary">
<arg>${locator}</arg>
<arg>${value}</arg>
<doc>Verifies selection list ``locator`` has ``expected`` options selected.</doc>
<msg timestamp="20211018 07:33:37.313" level="INFO">Verifying list 'xpath://select[@id='fuel']' has option [ Gas ] selected.</msg>
<msg timestamp="20211018 07:33:37.327" level="INFO">Current page contains list 'xpath://select[@id='fuel']'.</msg>
<status status="PASS" starttime="20211018 07:33:37.313" endtime="20211018 07:33:37.438"/>
</kw>
<status status="PASS" starttime="20211018 07:33:37.224" endtime="20211018 07:33:37.438"/>
</kw>
<kw name="Input Text" library="SeleniumLibrary">
<arg>${payload}</arg>
<arg>${valuePayload}</arg>
<doc>Types the given ``text`` into the text field identified by ``locator``.</doc>
<msg timestamp="20211018 07:33:37.438" level="INFO">Typing text '1000' into text field 'xpath://input[@id='payload']'.</msg>
<status status="PASS" starttime="20211018 07:33:37.438" endtime="20211018 07:33:37.545"/>
</kw>
<kw name="Input Text" library="SeleniumLibrary">
<arg>${totalWeight}</arg>
<arg>${valueTotalWeight}</arg>
<doc>Types the given ``text`` into the text field identified by ``locator``.</doc>
<msg timestamp="20211018 07:33:37.546" level="INFO">Typing text '1000' into text field 'xpath://input[@id='totalweight']'.</msg>
<status status="PASS" starttime="20211018 07:33:37.545" endtime="20211018 07:33:37.682"/>
</kw>
<kw name="Input Text" library="SeleniumLibrary">
<arg>${listPrice}</arg>
<arg>${valueListPrice}</arg>
<doc>Types the given ``text`` into the text field identified by ``locator``.</doc>
<msg timestamp="20211018 07:33:37.683" level="INFO">Typing text '1000' into text field 'xpath://input[@id='listprice']'.</msg>
<status status="PASS" starttime="20211018 07:33:37.682" endtime="20211018 07:33:37.803"/>
</kw>
<kw name="Input Text" library="SeleniumLibrary">
<arg>${licensePlateNumber}</arg>
<arg>${valueLicensePlateNumber}</arg>
<doc>Types the given ``text`` into the text field identified by ``locator``.</doc>
<msg timestamp="20211018 07:33:37.804" level="INFO">Typing text '1000' into text field 'xpath://input[@id='licenseplatenumber']'.</msg>
<status status="PASS" starttime="20211018 07:33:37.803" endtime="20211018 07:33:37.908"/>
</kw>
<kw name="Input Text" library="SeleniumLibrary">
<arg>${annualMileage}</arg>
<arg>${valueAnnualMileage}</arg>
<doc>Types the given ``text`` into the text field identified by ``locator``.</doc>
<msg timestamp="20211018 07:33:37.909" level="INFO">Typing text '1000' into text field 'xpath://input[@id='annualmileage']'.</msg>
<status status="PASS" starttime="20211018 07:33:37.909" endtime="20211018 07:33:38.030"/>
</kw>
<kw name="Click Button" library="SeleniumLibrary">
<arg>${Next}</arg>
<doc>Clicks the button identified by ``locator``.</doc>
<msg timestamp="20211018 07:33:38.031" level="INFO">Clicking button 'xpath://button[@id='nextenterinsurantdata']'.</msg>
<status status="PASS" starttime="20211018 07:33:38.030" endtime="20211018 07:33:38.124"/>
</kw>
<status status="PASS" starttime="20211018 07:33:31.828" endtime="20211018 07:33:38.124"/>
</kw>
<status status="PASS" starttime="20211018 07:33:31.827" endtime="20211018 07:33:38.125"/>
</test>
<test id="s1-t2" name="Enter Insurant Data">
<kw name="Fill Insurant Data" library="EnterInsurantData">
<kw name="Input Text" library="SeleniumLibrary">
<arg>${firstName}</arg>
<arg>Raui</arg>
<doc>Types the given ``text`` into the text field identified by ``locator``.</doc>
<msg timestamp="20211018 07:33:38.128" level="INFO">Typing text 'Raui' into text field 'xpath://input[@id='firstname']'.</msg>
<status status="PASS" starttime="20211018 07:33:38.128" endtime="20211018 07:33:38.268"/>
</kw>
<kw name="Input Text" library="SeleniumLibrary">
<arg>${lastName}</arg>
<arg>Macedo</arg>
<doc>Types the given ``text`` into the text field identified by ``locator``.</doc>
<msg timestamp="20211018 07:33:38.269" level="INFO">Typing text 'Macedo' into text field 'xpath://input[@id='lastname']'.</msg>
<status status="PASS" starttime="20211018 07:33:38.268" endtime="20211018 07:33:38.394"/>
</kw>
<kw name="Input Text" library="SeleniumLibrary">
<arg>${dateOfBirth}</arg>
<arg>01/01/2000</arg>
<doc>Types the given ``text`` into the text field identified by ``locator``.</doc>
<msg timestamp="20211018 07:33:38.395" level="INFO">Typing text '01/01/2000' into text field 'xpath://input[@id='birthdate']'.</msg>
<status status="PASS" starttime="20211018 07:33:38.394" endtime="20211018 07:33:38.545"/>
</kw>
<kw name="Click Element" library="SeleniumLibrary">
<arg>${gender}</arg>
<doc>Click the element identified by ``locator``.</doc>
<msg timestamp="20211018 07:33:38.546" level="INFO">Clicking element 'xpath://div[4]/p/label[1]/span'.</msg>
<status status="PASS" starttime="20211018 07:33:38.545" endtime="20211018 07:33:38.606"/>
</kw>
<kw name="Select By Value" library="settings">
<arg>${country}</arg>
<arg>Brazil</arg>
<kw name="Page Should Contain Element" library="SeleniumLibrary">
<arg>${locator}</arg>
<arg>${value}</arg>
<doc>Verifies that element ``locator`` is found on the current page.</doc>
<msg timestamp="20211018 07:33:38.619" level="INFO">Current page contains element 'xpath://select[@id='country']'.</msg>
<status status="PASS" starttime="20211018 07:33:38.607" endtime="20211018 07:33:38.619"/>
</kw>
<kw name="Select From List By Value" library="SeleniumLibrary">
<arg>${locator}</arg>
<arg>${value}</arg>
<doc>Selects options from selection list ``locator`` by ``values``.</doc>
<msg timestamp="20211018 07:33:38.620" level="INFO">Selecting options from selection list 'xpath://select[@id='country']' by value Brazil.</msg>
<status status="PASS" starttime="20211018 07:33:38.619" endtime="20211018 07:33:38.693"/>
</kw>
<kw name="List Selection Should Be" library="SeleniumLibrary">
<arg>${locator}</arg>
<arg>${value}</arg>
<doc>Verifies selection list ``locator`` has ``expected`` options selected.</doc>
<msg timestamp="20211018 07:33:38.693" level="INFO">Verifying list 'xpath://select[@id='country']' has option [ Brazil ] selected.</msg>
<msg timestamp="20211018 07:33:38.705" level="INFO">Current page contains list 'xpath://select[@id='country']'.</msg>
<status status="PASS" starttime="20211018 07:33:38.693" endtime="20211018 07:33:41.234"/>
</kw>
<status status="PASS" starttime="20211018 07:33:38.606" endtime="20211018 07:33:41.234"/>
</kw>
<kw name="Input Text" library="SeleniumLibrary">
<arg>${zipCode}</arg>
<arg>39401000</arg>
<doc>Types the given ``text`` into the text field identified by ``locator``.</doc>
<msg timestamp="20211018 07:33:41.235" level="INFO">Typing text '39401000' into text field 'xpath://input[@id='zipcode']'.</msg>
<status status="PASS" starttime="20211018 07:33:41.234" endtime="20211018 07:33:41.381"/>
</kw>
<kw name="Select By Value" library="settings">
<arg>${occupation}</arg>
<arg>Employee</arg>
<kw name="Page Should Contain Element" library="SeleniumLibrary">
<arg>${locator}</arg>
<arg>${value}</arg>
<doc>Verifies that element ``locator`` is found on the current page.</doc>
<msg timestamp="20211018 07:33:41.395" level="INFO">Current page contains element 'xpath://select[@id='occupation']'.</msg>
<status status="PASS" starttime="20211018 07:33:41.382" endtime="20211018 07:33:41.395"/>
</kw>
<kw name="Select From List By Value" library="SeleniumLibrary">
<arg>${locator}</arg>
<arg>${value}</arg>
<doc>Selects options from selection list ``locator`` by ``values``.</doc>
<msg timestamp="20211018 07:33:41.395" level="INFO">Selecting options from selection list 'xpath://select[@id='occupation']' by value Employee.</msg>
<status status="PASS" starttime="20211018 07:33:41.395" endtime="20211018 07:33:41.480"/>
</kw>
<kw name="List Selection Should Be" library="SeleniumLibrary">
<arg>${locator}</arg>
<arg>${value}</arg>
<doc>Verifies selection list ``locator`` has ``expected`` options selected.</doc>
<msg timestamp="20211018 07:33:41.481" level="INFO">Verifying list 'xpath://select[@id='occupation']' has option [ Employee ] selected.</msg>
<msg timestamp="20211018 07:33:41.495" level="INFO">Current page contains list 'xpath://select[@id='occupation']'.</msg>
<status status="PASS" starttime="20211018 07:33:41.480" endtime="20211018 07:33:41.615"/>
</kw>
<status status="PASS" starttime="20211018 07:33:41.381" endtime="20211018 07:33:41.615"/>
</kw>
<kw name="Click Element" library="SeleniumLibrary">
<arg>${hobbies}</arg>
<doc>Click the element identified by ``locator``.</doc>
<msg timestamp="20211018 07:33:41.616" level="INFO">Clicking element 'xpath://div[10]/p/label[1]/span'.</msg>
<status status="PASS" starttime="20211018 07:33:41.616" endtime="20211018 07:33:41.674"/>
</kw>
<kw name="Click Button" library="SeleniumLibrary">
<arg>${nextProductData}</arg>
<doc>Clicks the button identified by ``locator``.</doc>
<msg timestamp="20211018 07:33:41.674" level="INFO">Clicking button 'xpath://button[@id='nextenterproductdata']'.</msg>
<status status="PASS" starttime="20211018 07:33:41.674" endtime="20211018 07:33:41.765"/>
</kw>
<status status="PASS" starttime="20211018 07:33:38.127" endtime="20211018 07:33:41.765"/>
</kw>
<status status="PASS" starttime="20211018 07:33:38.126" endtime="20211018 07:33:41.766"/>
</test>
<test id="s1-t3" name="Enter Prodcut Data">
<kw name="Fill Product Data" library="EnterProductData">
<kw name="Input Text" library="SeleniumLibrary">
<arg>${startDate}</arg>
<arg>03/01/2022</arg>
<doc>Types the given ``text`` into the text field identified by ``locator``.</doc>
<msg timestamp="20211018 07:33:41.770" level="INFO">Typing text '03/01/2022' into text field 'xpath://input[@id='startdate']'.</msg>
<status status="PASS" starttime="20211018 07:33:41.770" endtime="20211018 07:33:41.945"/>
</kw>
<kw name="Select By Value" library="settings">
<arg>${insuranceSum}</arg>
<arg>20000000</arg>
<kw name="Page Should Contain Element" library="SeleniumLibrary">
<arg>${locator}</arg>
<arg>${value}</arg>
<doc>Verifies that element ``locator`` is found on the current page.</doc>
<msg timestamp="20211018 07:33:41.962" level="INFO">Current page contains element 'xpath://select[@id='insurancesum']'.</msg>
<status status="PASS" starttime="20211018 07:33:41.946" endtime="20211018 07:33:41.962"/>
</kw>
<kw name="Select From List By Value" library="SeleniumLibrary">
<arg>${locator}</arg>
<arg>${value}</arg>
<doc>Selects options from selection list ``locator`` by ``values``.</doc>
<msg timestamp="20211018 07:33:41.963" level="INFO">Selecting options from selection list 'xpath://select[@id='insurancesum']' by value 20000000.</msg>
<status status="PASS" starttime="20211018 07:33:41.962" endtime="20211018 07:33:42.047"/>
</kw>
<kw name="List Selection Should Be" library="SeleniumLibrary">
<arg>${locator}</arg>
<arg>${value}</arg>
<doc>Verifies selection list ``locator`` has ``expected`` options selected.</doc>
<msg timestamp="20211018 07:33:42.047" level="INFO">Verifying list 'xpath://select[@id='insurancesum']' has option [ 20000000 ] selected.</msg>
<msg timestamp="20211018 07:33:42.062" level="INFO">Current page contains list 'xpath://select[@id='insurancesum']'.</msg>
<status status="PASS" starttime="20211018 07:33:42.047" endtime="20211018 07:33:42.224"/>
</kw>
<status status="PASS" starttime="20211018 07:33:41.946" endtime="20211018 07:33:42.224"/>
</kw>
<kw name="Select By Value" library="settings">
<arg>${meritRating}</arg>
<arg>Super Bonus</arg>
<kw name="Page Should Contain Element" library="SeleniumLibrary">
<arg>${locator}</arg>
<arg>${value}</arg>
<doc>Verifies that element ``locator`` is found on the current page.</doc>
<msg timestamp="20211018 07:33:42.239" level="INFO">Current page contains element 'xpath://select[@id='meritrating']'.</msg>
<status status="PASS" starttime="20211018 07:33:42.225" endtime="20211018 07:33:42.239"/>
</kw>
<kw name="Select From List By Value" library="SeleniumLibrary">
<arg>${locator}</arg>
<arg>${value}</arg>
<doc>Selects options from selection list ``locator`` by ``values``.</doc>
<msg timestamp="20211018 07:33:42.239" level="INFO">Selecting options from selection list 'xpath://select[@id='meritrating']' by value Super Bonus.</msg>
<status status="PASS" starttime="20211018 07:33:42.239" endtime="20211018 07:33:42.315"/>
</kw>
<kw name="List Selection Should Be" library="SeleniumLibrary">
<arg>${locator}</arg>
<arg>${value}</arg>
<doc>Verifies selection list ``locator`` has ``expected`` options selected.</doc>
<msg timestamp="20211018 07:33:42.315" level="INFO">Verifying list 'xpath://select[@id='meritrating']' has option [ Super Bonus ] selected.</msg>
<msg timestamp="20211018 07:33:42.329" level="INFO">Current page contains list 'xpath://select[@id='meritrating']'.</msg>
<status status="PASS" starttime="20211018 07:33:42.315" endtime="20211018 07:33:42.582"/>
</kw>
<status status="PASS" starttime="20211018 07:33:42.224" endtime="20211018 07:33:42.582"/>
</kw>
<kw name="Select By Value" library="settings">
<arg>${damageInsurance}</arg>
<arg>Full Coverage</arg>
<kw name="Page Should Contain Element" library="SeleniumLibrary">
<arg>${locator}</arg>
<arg>${value}</arg>
<doc>Verifies that element ``locator`` is found on the current page.</doc>
<msg timestamp="20211018 07:33:42.595" level="INFO">Current page contains element 'xpath://select[@id='damageinsurance']'.</msg>
<status status="PASS" starttime="20211018 07:33:42.583" endtime="20211018 07:33:42.595"/>
</kw>
<kw name="Select From List By Value" library="SeleniumLibrary">
<arg>${locator}</arg>
<arg>${value}</arg>
<doc>Selects options from selection list ``locator`` by ``values``.</doc>
<msg timestamp="20211018 07:33:42.596" level="INFO">Selecting options from selection list 'xpath://select[@id='damageinsurance']' by value Full Coverage.</msg>
<status status="PASS" starttime="20211018 07:33:42.595" endtime="20211018 07:33:42.672"/>
</kw>
<kw name="List Selection Should Be" library="SeleniumLibrary">
<arg>${locator}</arg>
<arg>${value}</arg>
<doc>Verifies selection list ``locator`` has ``expected`` options selected.</doc>
<msg timestamp="20211018 07:33:42.673" level="INFO">Verifying list 'xpath://select[@id='damageinsurance']' has option [ Full Coverage ] selected.</msg>
<msg timestamp="20211018 07:33:42.687" level="INFO">Current page contains list 'xpath://select[@id='damageinsurance']'.</msg>
<status status="PASS" starttime="20211018 07:33:42.672" endtime="20211018 07:33:42.781"/>
</kw>
<status status="PASS" starttime="20211018 07:33:42.582" endtime="20211018 07:33:42.781"/>
</kw>
<kw name="Click Element" library="SeleniumLibrary">
<arg>${optionalProducts}</arg>
<doc>Click the element identified by ``locator``.</doc>
<msg timestamp="20211018 07:33:42.783" level="INFO">Clicking element 'xpath://label[normalize-space()='Euro Protection']//span[@class='ideal-check']'.</msg>
<status status="PASS" starttime="20211018 07:33:42.781" endtime="20211018 07:33:42.836"/>
</kw>
<kw name="Select By Value" library="settings">
<arg>${courtesyCar}</arg>
<arg>Yes</arg>
<kw name="Page Should Contain Element" library="SeleniumLibrary">
<arg>${locator}</arg>
<arg>${value}</arg>
<doc>Verifies that element ``locator`` is found on the current page.</doc>
<msg timestamp="20211018 07:33:42.851" level="INFO">Current page contains element 'xpath://select[@id='courtesycar']'.</msg>
<status status="PASS" starttime="20211018 07:33:42.837" endtime="20211018 07:33:42.851"/>
</kw>
<kw name="Select From List By Value" library="SeleniumLibrary">
<arg>${locator}</arg>
<arg>${value}</arg>
<doc>Selects options from selection list ``locator`` by ``values``.</doc>
<msg timestamp="20211018 07:33:42.852" level="INFO">Selecting options from selection list 'xpath://select[@id='courtesycar']' by value Yes.</msg>
<status status="PASS" starttime="20211018 07:33:42.851" endtime="20211018 07:33:42.934"/>
</kw>
<kw name="List Selection Should Be" library="SeleniumLibrary">
<arg>${locator}</arg>
<arg>${value}</arg>
<doc>Verifies selection list ``locator`` has ``expected`` options selected.</doc>
<msg timestamp="20211018 07:33:42.934" level="INFO">Verifying list 'xpath://select[@id='courtesycar']' has option [ Yes ] selected.</msg>
<msg timestamp="20211018 07:33:42.949" level="INFO">Current page contains list 'xpath://select[@id='courtesycar']'.</msg>
<status status="PASS" starttime="20211018 07:33:42.934" endtime="20211018 07:33:43.037"/>
</kw>
<status status="PASS" starttime="20211018 07:33:42.836" endtime="20211018 07:33:43.038"/>
</kw>
<kw name="Click Button" library="SeleniumLibrary">
<arg>${nextSelectPriceOption}</arg>
<doc>Clicks the button identified by ``locator``.</doc>
<msg timestamp="20211018 07:33:43.038" level="INFO">Clicking button '//button[@id='nextselectpriceoption']'.</msg>
<status status="PASS" starttime="20211018 07:33:43.038" endtime="20211018 07:33:43.131"/>
</kw>
<status status="PASS" starttime="20211018 07:33:41.769" endtime="20211018 07:33:43.132"/>
</kw>
<status status="PASS" starttime="20211018 07:33:41.768" endtime="20211018 07:33:43.132"/>
</test>
<test id="s1-t4" name="Choice Price Option">
<kw name="Select Price Option" library="SelectPriceOption">
<kw name="Click Element" library="SeleniumLibrary">
<arg>${priceOption}</arg>
<doc>Click the element identified by ``locator``.</doc>
<msg timestamp="20211018 07:33:43.136" level="INFO">Clicking element 'xpath://th/label[4]'.</msg>
<status status="PASS" starttime="20211018 07:33:43.136" endtime="20211018 07:33:43.202"/>
</kw>
<kw name="Scroll Element Into View" library="SeleniumLibrary">
<arg>${nextQuote}</arg>
<doc>Scrolls the element identified by ``locator`` into view.</doc>
<status status="PASS" starttime="20211018 07:33:43.202" endtime="20211018 07:33:43.496"/>
</kw>
<kw name="Click Element" library="SeleniumLibrary">
<arg>${nextQuote}</arg>
<doc>Click the element identified by ``locator``.</doc>
<msg timestamp="20211018 07:33:43.497" level="INFO">Clicking element 'xpath://div[2]/button[2]'.</msg>
<status status="PASS" starttime="20211018 07:33:43.497" endtime="20211018 07:33:43.561"/>
</kw>
<status status="PASS" starttime="20211018 07:33:43.135" endtime="20211018 07:33:43.561"/>
</kw>
<status status="PASS" starttime="20211018 07:33:43.134" endtime="20211018 07:33:43.562"/>
</test>
<test id="s1-t5" name="Send Quote">
<kw name="Fill Send Quote" library="SendQuote">
<kw name="Input Text" library="SeleniumLibrary">
<arg>${email}</arg>
<arg>email@dominio.com</arg>
<doc>Types the given ``text`` into the text field identified by ``locator``.</doc>
<msg timestamp="20211018 07:33:43.565" level="INFO">Typing text 'email@dominio.com' into text field 'xpath://input[@id='email']'.</msg>
<status status="PASS" starttime="20211018 07:33:43.565" endtime="20211018 07:33:43.760"/>
</kw>
<kw name="Input Text" library="SeleniumLibrary">
<arg>${username}</arg>
<arg>raui</arg>
<doc>Types the given ``text`` into the text field identified by ``locator``.</doc>
<msg timestamp="20211018 07:33:43.761" level="INFO">Typing text 'raui' into text field 'xpath://input[@id='username']'.</msg>
<status status="PASS" starttime="20211018 07:33:43.761" endtime="20211018 07:33:43.870"/>
</kw>
<kw name="Input Text" library="SeleniumLibrary">
<arg>${password}</arg>
<arg>Pass123</arg>
<doc>Types the given ``text`` into the text field identified by ``locator``.</doc>
<msg timestamp="20211018 07:33:43.871" level="INFO">Typing text 'Pass123' into text field 'xpath://input[@id='password']'.</msg>
<status status="PASS" starttime="20211018 07:33:43.870" endtime="20211018 07:33:43.998"/>
</kw>
<kw name="Input Text" library="SeleniumLibrary">
<arg>${confirmPassword}</arg>
<arg>Pass123</arg>
<doc>Types the given ``text`` into the text field identified by ``locator``.</doc>
<msg timestamp="20211018 07:33:43.998" level="INFO">Typing text 'Pass123' into text field 'xpath://input[@id='confirmpassword']'.</msg>
<status status="PASS" starttime="20211018 07:33:43.998" endtime="20211018 07:33:44.139"/>
</kw>
<kw name="Click Button" library="SeleniumLibrary">
<arg>${send}</arg>
<doc>Clicks the button identified by ``locator``.</doc>
<msg timestamp="20211018 07:33:44.140" level="INFO">Clicking button 'xpath://button[@id='sendemail']'.</msg>
<status status="PASS" starttime="20211018 07:33:44.139" endtime="20211018 07:33:44.209"/>
</kw>
<kw name="Wait Until Element Is Not Visible" library="SeleniumLibrary">
<arg>${loading}</arg>
<arg>10s</arg>
<doc>Waits until the element ``locator`` is not visible.</doc>
<status status="PASS" starttime="20211018 07:33:44.209" endtime="20211018 07:33:52.270"/>
</kw>
<kw name="Wait Until Element Is Visible" library="SeleniumLibrary">
<arg>${ok}</arg>
<arg>30s</arg>
<doc>Waits until the element ``locator`` is visible.</doc>
<status status="PASS" starttime="20211018 07:33:52.270" endtime="20211018 07:33:52.949"/>
</kw>
<kw name="Capture Element Screenshot" library="SeleniumLibrary">
<arg>${alert}</arg>
<doc>Captures a screenshot from the element identified by ``locator`` and embeds it into log file.</doc>
<msg timestamp="20211018 07:33:53.144" level="INFO" html="true">&lt;/td&gt;&lt;/tr&gt;&lt;tr&gt;&lt;td colspan="3"&gt;&lt;a href="selenium-element-screenshot-7.png"&gt;&lt;img src="selenium-element-screenshot-7.png" width="400px"&gt;&lt;/a&gt;</msg>
<status status="PASS" starttime="20211018 07:33:52.949" endtime="20211018 07:33:53.144"/>
</kw>
<kw name="Click Button" library="SeleniumLibrary">
<arg>${ok}</arg>
<doc>Clicks the button identified by ``locator``.</doc>
<msg timestamp="20211018 07:33:53.145" level="INFO">Clicking button 'xpath://button[@class='confirm']'.</msg>
<status status="PASS" starttime="20211018 07:33:53.144" endtime="20211018 07:33:53.215"/>
</kw>
<status status="PASS" starttime="20211018 07:33:43.565" endtime="20211018 07:33:53.215"/>
</kw>
<kw name="Close Browser" library="SeleniumLibrary" type="TEARDOWN">
<doc>Closes the current browser.</doc>
<status status="PASS" starttime="20211018 07:33:53.217" endtime="20211018 07:33:55.364"/>
</kw>
<status status="PASS" starttime="20211018 07:33:43.564" endtime="20211018 07:33:55.365"/>
</test>
<status status="PASS" starttime="20211018 07:33:31.519" endtime="20211018 07:33:55.368"/>
</suite>
<statistics>
<total>
<stat pass="5" fail="0" skip="0">All Tasks</stat>
</total>
<tag>
</tag>
<suite>
<stat pass="5" fail="0" skip="0" id="s1" name="TesteCase">TesteCase</stat>
</suite>
</statistics>
<errors>
</errors>
</robot>
